Arguments: 
  C:\Program Files\nodejs\node.exe C:\Users\Simecek\AppData\Roaming\npm\node_modules\yarn\bin\yarn.js add i18next-resources-to-backend

PATH: 
  C:\Python312\Scripts\;C:\Python312\;C:\Program Files\Microsoft\jdk-11.0.12.7-hotspot\bin;C:\WINDOWS\system32;C:\WINDOWS;C:\WINDOWS\System32\Wbem;C:\WINDOWS\System32\WindowsPowerShell\v1.0\;C:\WINDOWS\System32\OpenSSH\;C:\Program Files\Git\cmd;C:\ProgramData\chocolatey\bin;C:\Program Files\Microsoft SQL Server\150\Tools\Binn\;C:\Program Files\Microsoft SQL Server\Client SDK\ODBC\170\Tools\Binn\;C:\Program Files\dotnet\;%NVM_HOME%;%NVM_SYMLINK%;C:\Program Files\Docker\Docker\resources\bin;C:\Program Files\nodejs\;C:\Users\Simecek\AppData\Local\Microsoft\WindowsApps;C:\Users\Simecek\AppData\Local\Programs\Microsoft VS Code\bin;C:\Program Files\Git\cmd;C:\Program Files\heroku\bin;C:\Users\Simecek\.dotnet\tools;C:\Users\Simecek\AppData\Roaming\nvm;C:\Program Files\nodejs;C:\Users\Simecek\AppData\Roaming\npm

Yarn version: 
  1.22.19

Node version: 
  18.18.1

Platform: 
  win32 x64

Trace: 
  Error: EPERM: operation not permitted, copyfile 'C:\Users\Simecek\AppData\Local\Yarn\Cache\v6\npm-@types-hast-2.3.8-4ac5caf38b262b7bd5ca3202dda71f0271635660-integrity\node_modules\@types\hast\package.json' -> 'C:\Users\Simecek\altynali\Ulbi\project\node_modules\@types\hast\package.json'

npm manifest: 
  {
    "name": "project",
    "version": "1.0.0",
    "description": "",
    "main": "index.js",
    "scripts": {
      "start": "webpack serve --env port=3000",
      "build:prod": "webpack --env mode=production",
      "build:dev": "webpack --env mode=development",
      "pretty": "prettier --write \"./**/*.{js,jsx,mjs,cjs,ts,tsx,json}\""
    },
    "keywords": [],
    "author": "",
    "license": "ISC",
    "devDependencies": {
      "@babel/core": "^7.17.5",
      "@babel/preset-env": "^7.16.11",
      "@babel/preset-react": "^7.16.7",
      "@babel/preset-typescript": "^7.16.7",
      "@pmmmwh/react-refresh-webpack-plugin": "^0.5.5",
      "@storybook/addon-actions": "^6.4.19",
      "@storybook/addon-essentials": "^6.4.19",
      "@storybook/addon-interactions": "^6.4.19",
      "@storybook/addon-links": "^6.4.19",
      "@storybook/builder-webpack5": "^6.4.19",
      "@storybook/manager-webpack5": "^6.4.19",
      "@storybook/react": "^6.4.19",
      "@storybook/testing-library": "^0.0.9",
      "@svgr/webpack": "^6.2.1",
      "@testing-library/jest-dom": "^5.16.2",
      "@testing-library/react": "^12.1.3",
      "@types/jest": "^27.4.1",
      "@types/node": "^17.0.21",
      "@types/react": "^17.0.39",
      "@types/react-dom": "^17.0.11",
      "@types/react-router-dom": "^5.3.3",
      "@types/webpack": "^5.28.0",
      "@types/webpack-bundle-analyzer": "^4.4.1",
      "@types/webpack-dev-server": "^4.7.2",
      "@typescript-eslint/eslint-plugin": "^5.12.1",
      "@typescript-eslint/parser": "^5.12.1",
      "babel-loader": "^8.2.3",
      "babel-plugin-i18next-extract": "^0.8.3",
      "copy-webpack-plugin": "^10.2.4",
      "css-loader": "^6.6.0",
      "eslint": "^8.10.0",
      "eslint-config-airbnb": "^19.0.4",
      "eslint-plugin-i18next": "^5.1.2",
      "eslint-plugin-import": "^2.25.4",
      "eslint-plugin-jsx-a11y": "^6.5.1",
      "eslint-plugin-react": "^7.29.2",
      "eslint-plugin-react-hooks": "^4.3.0",
      "file-loader": "^6.2.0",
      "html-webpack-plugin": "^5.5.0",
      "husky": "^7.0.0",
      "identity-obj-proxy": "^3.0.0",
      "jest": "^27.5.1",
      "json-server": "^0.17.0",
      "loki": "^0.28.1",
      "mini-css-extract-plugin": "^2.5.3",
      "react-refresh": "^0.12.0",
      "reg-cli": "^0.17.6",
      "regenerator-runtime": "^0.13.9",
      "sass": "^1.49.9",
      "sass-loader": "^12.6.0",
      "style-loader": "^3.3.1",
      "stylelint": "^14.5.3",
      "stylelint-config-standard-scss": "^3.0.0",
      "ts-loader": "^9.2.6",
      "ts-node": "^10.5.0",
      "typescript": "^4.5.5",
      "webpack": "^5.69.1",
      "webpack-bundle-analyzer": "^4.5.0",
      "webpack-cli": "^4.9.2",
      "webpack-dev-server": "^4.7.4"
    },
    "dependencies": {
      "@reduxjs/toolkit": "^1.8.0",
      "axios": "^0.26.1",
      "concurrently": "^7.0.0",
      "i18next": "^21.6.11",
      "i18next-browser-languagedetector": "^6.1.3",
      "i18next-http-backend": "^1.3.2",
      "react": "^17.0.2",
      "react-dom": "^17.0.2",
      "react-i18next": "^11.15.5",
      "react-redux": "^7.2.6",
      "react-router-dom": "^6.2.1"
    }
  }

yarn manifest: 
  No manifest

Lockfile: 
  No lockfile
